<?xml version="1.0" encoding="UTF-8"?>
<testng-results ignored="0" total="1" passed="1" failed="0" skipped="0">
  <reporter-output>
  </reporter-output>
  <suite started-at="2024-05-01T21:44:29 ICT" name="Suite1" finished-at="2024-05-01T21:45:23 ICT" duration-ms="54474">
    <groups>
    </groups>
    <test started-at="2024-05-01T21:44:29 ICT" name="Test1" finished-at="2024-05-01T21:45:23 ICT" duration-ms="54474">
      <class name="appium.loginTest">
        <test-method is-config="true" signature="setUp()[pri:0, instance:appium.loginTest@56620197]" started-at="2024-05-01T21:44:29 ICT" name="setUp" finished-at="2024-05-01T21:44:41 ICT" duration-ms="11919" status="PASS">
          <reporter-output>
          </reporter-output>
        </test-method> <!-- setUp -->
        <test-method signature="testLogin()[pri:0, instance:appium.loginTest@56620197]" started-at="2024-05-01T21:44:41 ICT" name="testLogin" finished-at="2024-05-01T21:45:23 ICT" duration-ms="41813" status="PASS">
          <reporter-output>
          </reporter-output>
        </test-method> <!-- testLogin -->
        <test-method is-config="true" signature="tearDown()[pri:0, instance:appium.loginTest@56620197]" started-at="2024-05-01T21:45:23 ICT" name="tearDown" finished-at="2024-05-01T21:45:23 ICT" duration-ms="681" status="PASS">
          <reporter-output>
          </reporter-output>
        </test-method> <!-- tearDown -->
      </class> <!-- appium.loginTest -->
    </test> <!-- Test1 -->
  </suite> <!-- Suite1 -->
</testng-results>
